2025-06-19 02:46:37,167 - [INFO] - Usuario confirmo la ejecucion forzada
2025-06-19 02:46:37,167 - [INFO] - INICIANDO LIMPIEZA FORZADA F22 SDK OFICIAL
2025-06-19 02:46:37,168 - [INFO] - Timestamp: 2025-06-19 08:45:15 UTC
2025-06-19 02:46:37,168 - [INFO] - Ejecutado por: luishdz04
2025-06-19 02:46:37,169 - [INFO] - Target device_user_id: 7265
2025-06-19 02:46:37,169 - [INFO] - Dispositivo F22: 192.168.1.201:4370
2025-06-19 02:46:37,171 - [INFO] - PASO 1: Conectando al dispositivo F22...
2025-06-19 02:46:37,349 - [INFO] - OK - Conexion exitosa al F22
2025-06-19 02:46:37,353 - [INFO] - PASO 2: Verificando usuario objetivo...
2025-06-19 02:46:37,706 - [INFO] - ENCONTRADO - Usuario: user_id=7265, name=MUP - Erick Francisco De, uid=587, privilege=0
2025-06-19 02:46:37,706 - [INFO] - PASO 3: Eliminando registros de asistencia...
2025-06-19 02:46:46,692 - [INFO] - Registros de asistencia encontrados: 22
2025-06-19 02:46:46,692 - [INFO] - Eliminando registros de asistencia...
2025-06-19 02:46:47,061 - [INFO] - OK - Registros de asistencia eliminados
2025-06-19 02:46:47,062 - [INFO] - PASO 4: Modificando privilegios del usuario...
2025-06-19 02:46:48,052 - [INFO] - OK - Privilegios cambiados a usuario normal
2025-06-19 02:46:48,053 - [INFO] - PASO 5: Intentando eliminacion forzada...
2025-06-19 02:46:48,053 - [INFO] - Intento 1/5: Eliminando usuario...
2025-06-19 02:46:48,067 - [ERROR] - EXCEPTION en intento 1: Can't delete user
2025-06-19 02:46:48,067 - [INFO] - Intento 2/5: Eliminando usuario...
2025-06-19 02:46:48,090 - [ERROR] - EXCEPTION en intento 2: Can't delete user
2025-06-19 02:46:48,091 - [INFO] - Intento 3/5: Eliminando usuario...
2025-06-19 02:46:48,109 - [ERROR] - EXCEPTION en intento 3: Can't delete user
2025-06-19 02:46:48,110 - [INFO] - Intento 4/5: Eliminando usuario...
2025-06-19 02:46:48,124 - [ERROR] - EXCEPTION en intento 4: Can't delete user
2025-06-19 02:46:48,125 - [INFO] - Intento 5/5: Eliminando usuario...
2025-06-19 02:46:48,138 - [ERROR] - EXCEPTION en intento 5: Can't delete user
2025-06-19 02:46:48,139 - [INFO] - PASO 6: Verificacion final...
2025-06-19 02:46:48,832 - [INFO] - ===== REPORTE FINAL DE LIMPIEZA FORZADA =====
2025-06-19 02:46:48,833 - [INFO] - device_user_id procesado: 7265
2025-06-19 02:46:48,834 - [INFO] - Usuario existe despues: ERROR - SI
2025-06-19 02:46:48,834 - [INFO] - Usuario desactivado: NO
2025-06-19 02:46:48,834 - [INFO] - Intentos de eliminacion: 5/5
2025-06-19 02:46:48,834 - [INFO] - Completado: 2025-06-19T02:46:48.834851
2025-06-19 02:46:48,835 - [INFO] - Por: luishdz04
2025-06-19 02:46:48,835 - [ERROR] - FAILED - LIMPIEZA FORZADA FALLO
2025-06-19 02:46:48,836 - [ERROR] - SUGGESTION - El usuario puede estar protegido por firmware
2025-06-19 02:46:48,836 - [INFO] - Desconectando del dispositivo F22...
2025-06-19 02:46:48,841 - [INFO] - OK - Desconexion exitosa
