2025-06-19 02:44:23,952 - [INFO] - Usuario confirmo la ejecucion
2025-06-19 02:44:23,953 - [INFO] - INICIANDO LIMPIEZA DIRECTA F22 SDK OFICIAL
2025-06-19 02:44:23,954 - [INFO] - Timestamp: 2025-06-19 08:42:31 UTC
2025-06-19 02:44:23,954 - [INFO] - Ejecutado por: luishdz04
2025-06-19 02:44:23,955 - [INFO] - Target device_user_id: 7265
2025-06-19 02:44:23,955 - [INFO] - Dispositivo F22: 192.168.1.201:4370
2025-06-19 02:44:23,957 - [INFO] - PASO 1: Conectando al dispositivo F22...
2025-06-19 02:44:24,092 - [INFO] - OK - Conexion exitosa al F22 SDK oficial
2025-06-19 02:44:24,096 - [INFO] - PASO 2: Obteniendo informacion del dispositivo...
2025-06-19 02:44:24,176 - [INFO] - Info del dispositivo F22: {'firmware_version': 'Ver 6.60 Apr 27 2017', 'serialnumber': 'BOCK192461543', 'platform': 'ZLM60_TFT', 'device_name': 'F22/ID', 'face_version': 7, 'fp_version': 10}
2025-06-19 02:44:24,177 - [INFO] - PASO 3: Verificando usuarios en F22...
2025-06-19 02:44:24,535 - [INFO] - Total usuarios en F22: 676
2025-06-19 02:44:24,536 - [INFO] - ENCONTRADO - Usuario: user_id=7265, name=MUP - Erick Francisco De, uid=587
2025-06-19 02:44:24,536 - [INFO] - OK - device_user_id 7265 confirmado en F22
2025-06-19 02:44:24,536 - [INFO] - PASO 4: Verificando templates de huellas...
2025-06-19 02:44:25,340 - [INFO] - Templates encontrados para device_user_id 7265: 0
2025-06-19 02:44:25,341 - [INFO] - INFO - No hay templates de huellas para eliminar
2025-06-19 02:44:25,341 - [INFO] - PASO 6: Eliminando usuario completo device_user_id 7265...
2025-06-19 02:44:25,355 - [ERROR] - EXCEPTION - Eliminando usuario 7265: Can't delete user
2025-06-19 02:44:25,356 - [INFO] - PASO 7: Verificacion final...
2025-06-19 02:44:26,472 - [INFO] - ===== REPORTE FINAL DE LIMPIEZA =====
2025-06-19 02:44:26,472 - [INFO] - device_user_id procesado: 7265
2025-06-19 02:44:26,473 - [INFO] - Usuario existe despues: ERROR - SI
2025-06-19 02:44:26,473 - [INFO] - Templates existen despues: OK - NO (ELIMINADOS)
2025-06-19 02:44:26,473 - [INFO] - Completado: 2025-06-19T02:44:26.473390
2025-06-19 02:44:26,473 - [INFO] - Por: luishdz04
2025-06-19 02:44:26,473 - [INFO] - Dispositivo: 192.168.1.201:4370
2025-06-19 02:44:26,473 - [ERROR] - FAILED - LIMPIEZA INCOMPLETA: Aun existen datos residuales en F22
2025-06-19 02:44:26,473 - [INFO] - Desconectando del dispositivo F22...
2025-06-19 02:44:26,481 - [INFO] - OK - Desconexion exitosa
