2025-06-19 02:49:44,615 - [INFO] - Usuario confirmo neutralizacion segura
2025-06-19 02:49:44,616 - [INFO] - INICIANDO NEUTRALIZACION SEGURA F22 SDK OFICIAL
2025-06-19 02:49:44,617 - [INFO] - UTC Time: 2025-06-19 08:48:22
2025-06-19 02:49:44,617 - [INFO] - Ejecutado por: luishdz04
2025-06-19 02:49:44,618 - [INFO] - Target device_user_id: 7265
2025-06-19 02:49:44,618 - [INFO] - MODO: SEGURO - Solo afecta usuario 7265
2025-06-19 02:49:44,619 - [INFO] - Dispositivo F22: 192.168.1.201:4370
2025-06-19 02:49:44,620 - [INFO] - PASO 1: Conectando al dispositivo F22...
2025-06-19 02:49:44,790 - [INFO] - OK - Conexion exitosa al F22
2025-06-19 02:49:44,791 - [INFO] - PASO 2: Verificando usuarios en dispositivo...
2025-06-19 02:49:45,163 - [INFO] - Total usuarios en dispositivo: 676
2025-06-19 02:49:45,164 - [INFO] - ENCONTRADO - Target: user_id=7265, name=MUP - Erick Francisco De, uid=587
2025-06-19 02:49:45,164 - [INFO] - PASO 3: NEUTRALIZACION SEGURA - Solo usuario 7265...
2025-06-19 02:49:45,165 - [INFO] - Sub-paso 3.1: Eliminando templates SOLO del usuario objetivo...
2025-06-19 02:49:45,914 - [INFO] - Templates totales en dispositivo: 644
2025-06-19 02:49:45,914 - [INFO] - Templates del usuario 7265: 2
2025-06-19 02:49:45,914 - [INFO] - Templates de otros usuarios (CONSERVAR): 642
2025-06-19 02:49:45,923 - [ERROR] - Error eliminando template: uid=587, fid=2
2025-06-19 02:49:45,936 - [ERROR] - Error eliminando template: uid=587, fid=2
2025-06-19 02:49:45,937 - [INFO] - OK - 0 templates del usuario 7265 eliminados
2025-06-19 02:49:45,937 - [INFO] - Sub-paso 3.2: Neutralizando datos del usuario...
2025-06-19 02:49:45,937 - [INFO] - Nuevo user_id seguro generado: 100000
2025-06-19 02:49:46,172 - [INFO] - OK - Usuario 7265 neutralizado con nuevo ID: 100000
2025-06-19 02:49:46,173 - [INFO] - PASO 4: Verificacion de seguridad...
2025-06-19 02:49:48,022 - [INFO] - ===== REPORTE DE NEUTRALIZACION SEGURA =====
2025-06-19 02:49:48,022 - [INFO] - UTC Time: 2025-06-19 08:48:22
2025-06-19 02:49:48,022 - [INFO] - Ejecutado por: luishdz04
2025-06-19 02:49:48,022 - [INFO] - Target procesado: device_user_id 7265
2025-06-19 02:49:48,022 - [INFO] - --- IMPACTO EN DISPOSITIVO ---
2025-06-19 02:49:48,022 - [INFO] - Usuarios antes: 676
2025-06-19 02:49:48,023 - [INFO] - Usuarios despues: 676
2025-06-19 02:49:48,023 - [INFO] - Usuarios afectados: 1 (solo target)
2025-06-19 02:49:48,023 - [INFO] - Templates antes: 644
2025-06-19 02:49:48,023 - [INFO] - Templates despues: 644
2025-06-19 02:49:48,023 - [INFO] - Templates eliminados: 0
2025-06-19 02:49:48,023 - [INFO] - --- RESULTADO TARGET ---
2025-06-19 02:49:48,024 - [INFO] - Usuario original 7265 existe: NO (ELIMINADO)
2025-06-19 02:49:48,024 - [INFO] - Usuario neutralizado creado: SI
2025-06-19 02:49:48,024 - [INFO] - Templates del target existen: SI
2025-06-19 02:49:48,024 - [INFO] - Completado: 2025-06-19T02:49:48.024645
2025-06-19 02:49:48,024 - [ERROR] - PARTIAL - Neutralizacion incompleta
2025-06-19 02:49:48,025 - [INFO] - Desconectando del dispositivo F22...
2025-06-19 02:49:48,038 - [INFO] - OK - Desconexion exitosa
